<?xml version="1.0" encoding="UTF-8"?>
<coverage generated="1505265127460" clover="3.2.0">
  <project timestamp="1505265127461" name="All files">
    <metrics statements="65" coveredstatements="18" conditionals="22" coveredconditionals="8" methods="21" coveredmethods="7" elements="108" coveredelements="33" complexity="0" loc="65" ncloc="65" packages="2" files="4" classes="4">
      <package name="source">
        <metrics statements="62" coveredstatements="15" conditionals="22" coveredconditionals="8" methods="20" coveredmethods="6"/>
        <file name="actions.js" path="/data/source/actions.js">
          <metrics statements="27" coveredstatements="1" conditionals="0" coveredconditionals="0" methods="14" coveredmethods="1"/>
          <line num="5" count="0" type="stmt"/>
          <line num="12" count="0" type="stmt"/>
          <line num="19" count="1" type="stmt"/>
          <line num="26" count="0" type="stmt"/>
          <line num="33" count="0" type="stmt"/>
          <line num="34" count="0" type="stmt"/>
          <line num="35" count="0" type="stmt"/>
          <line num="37" count="0" type="stmt"/>
          <line num="38" count="0" type="stmt"/>
          <line num="39" count="0" type="stmt"/>
          <line num="42" count="0" type="stmt"/>
          <line num="47" count="0" type="stmt"/>
          <line num="48" count="0" type="stmt"/>
          <line num="49" count="0" type="stmt"/>
          <line num="52" count="0" type="stmt"/>
          <line num="57" count="0" type="stmt"/>
          <line num="58" count="0" type="stmt"/>
          <line num="59" count="0" type="stmt"/>
          <line num="62" count="0" type="stmt"/>
          <line num="67" count="0" type="stmt"/>
          <line num="68" count="0" type="stmt"/>
          <line num="69" count="0" type="stmt"/>
          <line num="72" count="0" type="stmt"/>
          <line num="77" count="0" type="stmt"/>
          <line num="78" count="0" type="stmt"/>
          <line num="79" count="0" type="stmt"/>
          <line num="82" count="0" type="stmt"/>
        </file>
        <file name="api.js" path="/data/source/api.js">
          <metrics statements="17" coveredstatements="2" conditionals="5" coveredconditionals="0" methods="0" coveredmethods="0"/>
          <line num="3" count="1" type="stmt"/>
          <line num="5" count="1" type="stmt"/>
          <line num="8" count="0" type="stmt"/>
          <line num="9" count="0" type="stmt"/>
          <line num="10" count="0" type="stmt"/>
          <line num="13" count="0" type="stmt"/>
          <line num="14" count="0" type="stmt"/>
          <line num="15" count="0" type="stmt"/>
          <line num="18" count="0" type="stmt"/>
          <line num="19" count="0" type="stmt"/>
          <line num="20" count="0" type="stmt"/>
          <line num="25" count="0" type="stmt"/>
          <line num="26" count="0" type="stmt"/>
          <line num="27" count="0" type="stmt"/>
          <line num="30" count="0" type="stmt"/>
          <line num="31" count="0" type="stmt"/>
          <line num="32" count="0" type="stmt"/>
        </file>
        <file name="reducer.js" path="/data/source/reducer.js">
          <metrics statements="18" coveredstatements="12" conditionals="17" coveredconditionals="8" methods="6" coveredmethods="5"/>
          <line num="8" count="1" type="stmt"/>
          <line num="26" count="1" type="cond" truecount="1" falsecount="1"/>
          <line num="28" count="0" type="stmt"/>
          <line num="30" count="1" type="stmt"/>
          <line num="35" count="1" type="cond" truecount="1" falsecount="2"/>
          <line num="38" count="0" type="stmt"/>
          <line num="40" count="0" type="stmt"/>
          <line num="44" count="0" type="stmt"/>
          <line num="46" count="1" type="stmt"/>
          <line num="51" count="1" type="stmt"/>
          <line num="58" count="1" type="cond" truecount="1" falsecount="1"/>
          <line num="60" count="1" type="stmt"/>
          <line num="61" count="2" type="stmt"/>
          <line num="65" count="0" type="stmt"/>
          <line num="70" count="1" type="cond" truecount="1" falsecount="1"/>
          <line num="75" count="0" type="stmt"/>
          <line num="77" count="1" type="stmt"/>
          <line num="81" count="1" type="stmt"/>
        </file>
      </package>
      <package name="source.comments.components">
        <metrics statements="3" coveredstatements="3" conditionals="0" coveredconditionals="0" methods="1" coveredmethods="1"/>
        <file name="Comment.jsx" path="/data/source/comments/components/Comment.jsx">
          <metrics statements="3" coveredstatements="3" conditionals="0" coveredconditionals="0" methods="1" coveredmethods="1"/>
          <line num="8" count="1" type="stmt"/>
          <line num="25" count="1" type="stmt"/>
          <line num="32" count="1" type="stmt"/>
        </file>
      </package>
    </metrics>
  </project>
</coverage>
