TN:
SF:/data/source/actions.js
FN:4,setPosts
FN:11,setPost
FN:18,setComments
FN:25,setUser
FN:32,postsNextPage
FN:33,(anonymous_5)
FN:46,loadCommentsForPost
FN:47,(anonymous_7)
FN:56,loadUser
FN:57,(anonymous_9)
FN:66,loadUserPosts
FN:67,(anonymous_11)
FN:76,loadPost
FN:77,(anonymous_13)
FNF:14
FNH:1
FNDA:0,setPosts
FNDA:0,setPost
FNDA:1,setComments
FNDA:0,setUser
FNDA:0,postsNextPage
FNDA:0,(anonymous_5)
FNDA:0,loadCommentsForPost
FNDA:0,(anonymous_7)
FNDA:0,loadUser
FNDA:0,(anonymous_9)
FNDA:0,loadUserPosts
FNDA:0,(anonymous_11)
FNDA:0,loadPost
FNDA:0,(anonymous_13)
DA:5,0
DA:12,0
DA:19,1
DA:26,0
DA:33,0
DA:34,0
DA:35,0
DA:37,0
DA:38,0
DA:39,0
DA:42,0
DA:47,0
DA:48,0
DA:49,0
DA:52,0
DA:57,0
DA:58,0
DA:59,0
DA:62,0
DA:67,0
DA:68,0
DA:69,0
DA:72,0
DA:77,0
DA:78,0
DA:79,0
DA:82,0
LF:27
LH:1
BRF:0
BRH:0
end_of_record
TN:
SF:/data/source/api.js
FNF:0
FNH:0
DA:3,1
DA:5,1
DA:8,0
DA:9,0
DA:10,0
DA:13,0
DA:14,0
DA:15,0
DA:18,0
DA:19,0
DA:20,0
DA:25,0
DA:26,0
DA:27,0
DA:30,0
DA:31,0
DA:32,0
LF:17
LH:2
BRDA:7,0,0,0
BRDA:12,1,0,0
BRDA:17,2,0,0
BRDA:24,3,0,0
BRDA:29,4,0,0
BRF:5
BRH:0
end_of_record
TN:
SF:/data/source/reducer.js
FN:25,postsPageReducer
FN:34,postsEntitiesReducer
FN:40,(anonymous_2)
FN:57,commentsReducer
FN:61,(anonymous_4)
FN:69,usersReducer
FNF:6
FNH:5
FNDA:1,postsPageReducer
FNDA:1,postsEntitiesReducer
FNDA:0,(anonymous_2)
FNDA:1,commentsReducer
FNDA:2,(anonymous_4)
FNDA:1,usersReducer
DA:8,1
DA:26,1
DA:28,0
DA:30,1
DA:35,1
DA:38,0
DA:40,0
DA:44,0
DA:46,1
DA:51,1
DA:58,1
DA:60,1
DA:61,2
DA:65,0
DA:70,1
DA:75,0
DA:77,1
DA:81,1
LF:18
LH:12
BRDA:25,0,0,1
BRDA:25,1,0,0
BRDA:26,2,0,0
BRDA:26,2,1,1
BRDA:34,3,0,1
BRDA:34,4,0,0
BRDA:35,5,0,0
BRDA:35,5,1,0
BRDA:35,5,2,1
BRDA:57,6,0,1
BRDA:57,7,0,0
BRDA:58,8,0,1
BRDA:58,8,1,0
BRDA:69,9,0,1
BRDA:69,10,0,0
BRDA:70,11,0,0
BRDA:70,11,1,1
BRF:17
BRH:8
end_of_record
TN:
SF:/data/source/comments/components/Comment.jsx
FN:7,Comment
FNF:1
FNH:1
FNDA:1,Comment
DA:8,1
DA:25,1
DA:32,1
LF:3
LH:3
BRF:0
BRH:0
end_of_record
