{"/data/source/actions.js": {"path":"/data/source/actions.js","statementMap":{"0":{"start":{"line":5,"column":2},"end":{"line":8,"column":4}},"1":{"start":{"line":12,"column":2},"end":{"line":15,"column":4}},"2":{"start":{"line":19,"column":2},"end":{"line":22,"column":4}},"3":{"start":{"line":26,"column":2},"end":{"line":29,"column":4}},"4":{"start":{"line":33,"column":2},"end":{"line":43,"column":4}},"5":{"start":{"line":34,"column":4},"end":{"line":34,"column":36}},"6":{"start":{"line":35,"column":18},"end":{"line":35,"column":28}},"7":{"start":{"line":37,"column":24},"end":{"line":37,"column":54}},"8":{"start":{"line":38,"column":18},"end":{"line":38,"column":54}},"9":{"start":{"line":39,"column":4},"end":{"line":41,"column":5}},"10":{"start":{"line":42,"column":4},"end":{"line":42,"column":17}},"11":{"start":{"line":47,"column":2},"end":{"line":53,"column":4}},"12":{"start":{"line":48,"column":21},"end":{"line":48,"column":56}},"13":{"start":{"line":49,"column":4},"end":{"line":51,"column":5}},"14":{"start":{"line":52,"column":4},"end":{"line":52,"column":20}},"15":{"start":{"line":57,"column":2},"end":{"line":63,"column":4}},"16":{"start":{"line":58,"column":17},"end":{"line":58,"column":50}},"17":{"start":{"line":59,"column":4},"end":{"line":61,"column":5}},"18":{"start":{"line":62,"column":4},"end":{"line":62,"column":16}},"19":{"start":{"line":67,"column":2},"end":{"line":73,"column":4}},"20":{"start":{"line":68,"column":18},"end":{"line":68,"column":50}},"21":{"start":{"line":69,"column":4},"end":{"line":71,"column":5}},"22":{"start":{"line":72,"column":4},"end":{"line":72,"column":17}},"23":{"start":{"line":77,"column":2},"end":{"line":83,"column":4}},"24":{"start":{"line":78,"column":17},"end":{"line":78,"column":46}},"25":{"start":{"line":79,"column":4},"end":{"line":81,"column":5}},"26":{"start":{"line":82,"column":4},"end":{"line":82,"column":16}}},"fnMap":{"0":{"name":"setPosts","decl":{"start":{"line":4,"column":9},"end":{"line":4,"column":17}},"loc":{"start":{"line":4,"column":25},"end":{"line":9,"column":1}},"line":4},"1":{"name":"setPost","decl":{"start":{"line":11,"column":9},"end":{"line":11,"column":16}},"loc":{"start":{"line":11,"column":23},"end":{"line":16,"column":1}},"line":11},"2":{"name":"setComments","decl":{"start":{"line":18,"column":9},"end":{"line":18,"column":20}},"loc":{"start":{"line":18,"column":31},"end":{"line":23,"column":1}},"line":18},"3":{"name":"setUser","decl":{"start":{"line":25,"column":9},"end":{"line":25,"column":16}},"loc":{"start":{"line":25,"column":23},"end":{"line":30,"column":1}},"line":25},"4":{"name":"postsNextPage","decl":{"start":{"line":32,"column":9},"end":{"line":32,"column":22}},"loc":{"start":{"line":32,"column":25},"end":{"line":44,"column":1}},"line":32},"5":{"name":"(anonymous_5)","decl":{"start":{"line":33,"column":9},"end":{"line":33,"column":10}},"loc":{"start":{"line":33,"column":39},"end":{"line":43,"column":3}},"line":33},"6":{"name":"loadCommentsForPost","decl":{"start":{"line":46,"column":9},"end":{"line":46,"column":28}},"loc":{"start":{"line":46,"column":37},"end":{"line":54,"column":1}},"line":46},"7":{"name":"(anonymous_7)","decl":{"start":{"line":47,"column":9},"end":{"line":47,"column":10}},"loc":{"start":{"line":47,"column":29},"end":{"line":53,"column":3}},"line":47},"8":{"name":"loadUser","decl":{"start":{"line":56,"column":9},"end":{"line":56,"column":17}},"loc":{"start":{"line":56,"column":26},"end":{"line":64,"column":1}},"line":56},"9":{"name":"(anonymous_9)","decl":{"start":{"line":57,"column":9},"end":{"line":57,"column":10}},"loc":{"start":{"line":57,"column":29},"end":{"line":63,"column":3}},"line":57},"10":{"name":"loadUserPosts","decl":{"start":{"line":66,"column":9},"end":{"line":66,"column":22}},"loc":{"start":{"line":66,"column":31},"end":{"line":74,"column":1}},"line":66},"11":{"name":"(anonymous_11)","decl":{"start":{"line":67,"column":9},"end":{"line":67,"column":10}},"loc":{"start":{"line":67,"column":29},"end":{"line":73,"column":3}},"line":67},"12":{"name":"loadPost","decl":{"start":{"line":76,"column":9},"end":{"line":76,"column":17}},"loc":{"start":{"line":76,"column":22},"end":{"line":84,"column":1}},"line":76},"13":{"name":"(anonymous_13)","decl":{"start":{"line":77,"column":9},"end":{"line":77,"column":10}},"loc":{"start":{"line":77,"column":29},"end":{"line":83,"column":3}},"line":77}},"branchMap":{},"s":{"0":0,"1":0,"2":1,"3":0,"4":0,"5":0,"6":0,"7":0,"8":0,"9":0,"10":0,"11":0,"12":0,"13":0,"14":0,"15":0,"16":0,"17":0,"18":0,"19":0,"20":0,"21":0,"22":0,"23":0,"24":0,"25":0,"26":0},"f":{"0":0,"1":0,"2":1,"3":0,"4":0,"5":0,"6":0,"7":0,"8":0,"9":0,"10":0,"11":0,"12":0,"13":0},"b":{},"_coverageSchema":"332fd63041d2c1bcb487cc26dd0d5f7d97098a6c","hash":"0b38ba44d7c64d9d54977850978ba9162d2e9b9d"}
,"/data/source/api.js": {"path":"/data/source/api.js","statementMap":{"0":{"start":{"line":3,"column":16},"end":{"line":3,"column":54}},"1":{"start":{"line":5,"column":12},"end":{"line":35,"column":1}},"2":{"start":{"line":8,"column":23},"end":{"line":8,"column":68}},"3":{"start":{"line":9,"column":19},"end":{"line":9,"column":40}},"4":{"start":{"line":10,"column":6},"end":{"line":10,"column":18}},"5":{"start":{"line":13,"column":23},"end":{"line":13,"column":60}},"6":{"start":{"line":14,"column":19},"end":{"line":14,"column":40}},"7":{"start":{"line":15,"column":6},"end":{"line":15,"column":18}},"8":{"start":{"line":18,"column":23},"end":{"line":18,"column":69}},"9":{"start":{"line":19,"column":19},"end":{"line":19,"column":40}},"10":{"start":{"line":20,"column":6},"end":{"line":20,"column":18}},"11":{"start":{"line":25,"column":23},"end":{"line":25,"column":60}},"12":{"start":{"line":26,"column":19},"end":{"line":26,"column":40}},"13":{"start":{"line":27,"column":6},"end":{"line":27,"column":18}},"14":{"start":{"line":30,"column":23},"end":{"line":30,"column":67}},"15":{"start":{"line":31,"column":19},"end":{"line":31,"column":40}},"16":{"start":{"line":32,"column":6},"end":{"line":32,"column":18}}},"fnMap":{},"branchMap":{"0":{"loc":{"start":{"line":7,"column":18},"end":{"line":7,"column":26}},"type":"default-arg","locations":[{"start":{"line":7,"column":25},"end":{"line":7,"column":26}}],"line":7},"1":{"loc":{"start":{"line":12,"column":20},"end":{"line":12,"column":26}},"type":"default-arg","locations":[{"start":{"line":12,"column":25},"end":{"line":12,"column":26}}],"line":12},"2":{"loc":{"start":{"line":17,"column":22},"end":{"line":17,"column":28}},"type":"default-arg","locations":[{"start":{"line":17,"column":27},"end":{"line":17,"column":28}}],"line":17},"3":{"loc":{"start":{"line":24,"column":20},"end":{"line":24,"column":26}},"type":"default-arg","locations":[{"start":{"line":24,"column":25},"end":{"line":24,"column":26}}],"line":24},"4":{"loc":{"start":{"line":29,"column":19},"end":{"line":29,"column":25}},"type":"default-arg","locations":[{"start":{"line":29,"column":24},"end":{"line":29,"column":25}}],"line":29}},"s":{"0":1,"1":1,"2":0,"3":0,"4":0,"5":0,"6":0,"7":0,"8":0,"9":0,"10":0,"11":0,"12":0,"13":0,"14":0,"15":0,"16":0},"f":{},"b":{"0":[0],"1":[0],"2":[0],"3":[0],"4":[0]},"_coverageSchema":"332fd63041d2c1bcb487cc26dd0d5f7d97098a6c","hash":"c4e5d1c44c776e6f7777ed9b7a695083e2ba988a"}
,"/data/source/reducer.js": {"path":"/data/source/reducer.js","statementMap":{"0":{"start":{"line":8,"column":21},"end":{"line":15,"column":2}},"1":{"start":{"line":26,"column":2},"end":{"line":31,"column":3}},"2":{"start":{"line":28,"column":6},"end":{"line":28,"column":22}},"3":{"start":{"line":30,"column":6},"end":{"line":30,"column":18}},"4":{"start":{"line":35,"column":2},"end":{"line":47,"column":3}},"5":{"start":{"line":38,"column":6},"end":{"line":42,"column":9}},"6":{"start":{"line":40,"column":27},"end":{"line":40,"column":56}},"7":{"start":{"line":44,"column":6},"end":{"line":44,"column":62}},"8":{"start":{"line":46,"column":6},"end":{"line":46,"column":18}},"9":{"start":{"line":51,"column":21},"end":{"line":54,"column":2}},"10":{"start":{"line":58,"column":2},"end":{"line":66,"column":3}},"11":{"start":{"line":60,"column":6},"end":{"line":63,"column":7}},"12":{"start":{"line":61,"column":31},"end":{"line":61,"column":69}},"13":{"start":{"line":65,"column":6},"end":{"line":65,"column":18}},"14":{"start":{"line":70,"column":2},"end":{"line":78,"column":3}},"15":{"start":{"line":75,"column":6},"end":{"line":75,"column":62}},"16":{"start":{"line":77,"column":6},"end":{"line":77,"column":18}},"17":{"start":{"line":81,"column":16},"end":{"line":85,"column":2}}},"fnMap":{"0":{"name":"postsPageReducer","decl":{"start":{"line":25,"column":9},"end":{"line":25,"column":25}},"loc":{"start":{"line":25,"column":86},"end":{"line":32,"column":1}},"line":25},"1":{"name":"postsEntitiesReducer","decl":{"start":{"line":34,"column":9},"end":{"line":34,"column":29}},"loc":{"start":{"line":34,"column":94},"end":{"line":48,"column":1}},"line":34},"2":{"name":"(anonymous_2)","decl":{"start":{"line":40,"column":10},"end":{"line":40,"column":11}},"loc":{"start":{"line":40,"column":27},"end":{"line":40,"column":56}},"line":40},"3":{"name":"commentsReducer","decl":{"start":{"line":57,"column":9},"end":{"line":57,"column":24}},"loc":{"start":{"line":57,"column":76},"end":{"line":67,"column":1}},"line":57},"4":{"name":"(anonymous_4)","decl":{"start":{"line":61,"column":8},"end":{"line":61,"column":9}},"loc":{"start":{"line":61,"column":31},"end":{"line":61,"column":69}},"line":61},"5":{"name":"usersReducer","decl":{"start":{"line":69,"column":9},"end":{"line":69,"column":21}},"loc":{"start":{"line":69,"column":70},"end":{"line":79,"column":1}},"line":69}},"branchMap":{"0":{"loc":{"start":{"line":25,"column":26},"end":{"line":25,"column":71}},"type":"default-arg","locations":[{"start":{"line":25,"column":34},"end":{"line":25,"column":71}}],"line":25},"1":{"loc":{"start":{"line":25,"column":73},"end":{"line":25,"column":84}},"type":"default-arg","locations":[{"start":{"line":25,"column":82},"end":{"line":25,"column":84}}],"line":25},"2":{"loc":{"start":{"line":26,"column":2},"end":{"line":31,"column":3}},"type":"switch","locations":[{"start":{"line":27,"column":4},"end":{"line":28,"column":22}},{"start":{"line":29,"column":4},"end":{"line":30,"column":18}}],"line":26},"3":{"loc":{"start":{"line":34,"column":30},"end":{"line":34,"column":79}},"type":"default-arg","locations":[{"start":{"line":34,"column":38},"end":{"line":34,"column":79}}],"line":34},"4":{"loc":{"start":{"line":34,"column":81},"end":{"line":34,"column":92}},"type":"default-arg","locations":[{"start":{"line":34,"column":90},"end":{"line":34,"column":92}}],"line":34},"5":{"loc":{"start":{"line":35,"column":2},"end":{"line":47,"column":3}},"type":"switch","locations":[{"start":{"line":36,"column":4},"end":{"line":42,"column":9}},{"start":{"line":43,"column":4},"end":{"line":44,"column":62}},{"start":{"line":45,"column":4},"end":{"line":46,"column":18}}],"line":35},"6":{"loc":{"start":{"line":57,"column":25},"end":{"line":57,"column":61}},"type":"default-arg","locations":[{"start":{"line":57,"column":33},"end":{"line":57,"column":61}}],"line":57},"7":{"loc":{"start":{"line":57,"column":63},"end":{"line":57,"column":74}},"type":"default-arg","locations":[{"start":{"line":57,"column":72},"end":{"line":57,"column":74}}],"line":57},"8":{"loc":{"start":{"line":58,"column":2},"end":{"line":66,"column":3}},"type":"switch","locations":[{"start":{"line":59,"column":4},"end":{"line":63,"column":7}},{"start":{"line":64,"column":4},"end":{"line":65,"column":18}}],"line":58},"9":{"loc":{"start":{"line":69,"column":22},"end":{"line":69,"column":55}},"type":"default-arg","locations":[{"start":{"line":69,"column":30},"end":{"line":69,"column":55}}],"line":69},"10":{"loc":{"start":{"line":69,"column":57},"end":{"line":69,"column":68}},"type":"default-arg","locations":[{"start":{"line":69,"column":66},"end":{"line":69,"column":68}}],"line":69},"11":{"loc":{"start":{"line":70,"column":2},"end":{"line":78,"column":3}},"type":"switch","locations":[{"start":{"line":71,"column":4},"end":{"line":75,"column":62}},{"start":{"line":76,"column":4},"end":{"line":77,"column":18}}],"line":70}},"s":{"0":1,"1":1,"2":0,"3":1,"4":1,"5":0,"6":0,"7":0,"8":1,"9":1,"10":1,"11":1,"12":2,"13":0,"14":1,"15":0,"16":1,"17":1},"f":{"0":1,"1":1,"2":0,"3":1,"4":2,"5":1},"b":{"0":[1],"1":[0],"2":[0,1],"3":[1],"4":[0],"5":[0,0,1],"6":[1],"7":[0],"8":[1,0],"9":[1],"10":[0],"11":[0,1]},"_coverageSchema":"332fd63041d2c1bcb487cc26dd0d5f7d97098a6c","hash":"dee500ba507d8b6c555be91d9024e456c65fd675"}
,"/data/source/comments/components/Comment.jsx": {"path":"/data/source/comments/components/Comment.jsx","statementMap":{"0":{"start":{"line":8,"column":2},"end":{"line":22,"column":4}},"1":{"start":{"line":25,"column":0},"end":{"line":30,"column":1}},"2":{"start":{"line":32,"column":0},"end":{"line":33,"column":1}}},"fnMap":{"0":{"name":"Comment","decl":{"start":{"line":7,"column":9},"end":{"line":7,"column":16}},"loc":{"start":{"line":7,"column":24},"end":{"line":23,"column":1}},"line":7}},"branchMap":{},"s":{"0":1,"1":1,"2":1},"f":{"0":1},"b":{},"_coverageSchema":"332fd63041d2c1bcb487cc26dd0d5f7d97098a6c","hash":"e1a5bb102f8876769927d5339d1bb08b736a1f4e"}
}
